Building DAG of jobs...
Using shell: /usr/bin/bash
Provided cluster nodes: 999
Job stats:
job                        count    min threads    max threads
-----------------------  -------  -------------  -------------
all                            1              1              1
get_set_min_read_counts        1              1              1
total                          2              1              1

Select jobs to execute...

[Sun Aug 21 21:45:47 2022]
rule get_set_min_read_counts:
    input: results/mappedReadCounts/testData1_treated_mappedReadCounts.txt, results/mappedReadCounts/testData2_treated_mappedReadCounts.txt, results/mappedReadCounts/testData3_treated_mappedReadCounts.txt, results/mappedReadCounts/testData1_input_mappedReadCounts.txt, results/mappedReadCounts/testData2_input_mappedReadCounts.txt, results/mappedReadCounts/testData3_input_mappedReadCounts.txt
    output: results/minMappedReadCounts/testSet_treated_minMappedReadCounts.txt, results/minMappedReadCounts/testSet_input_minMappedReadCounts.txt
    jobid: 7
    wildcards: setOfInterest=testSet
    resources: tmpdir=/tmp

Submitted job 7 with external jobid 'Submitted batch job 1547855'.
Waiting at most 100 seconds for missing files.
[Sun Aug 21 21:46:47 2022]
Finished job 7.
1 of 2 steps (50%) done
Select jobs to execute...

[Sun Aug 21 21:46:47 2022]
localrule all:
    input: results/macs2_normalPeaks/testData1_0.05_peaks.narrowPeak, results/macs2_normalPeaks/testData2_0.05_peaks.narrowPeak, results/macs2_normalPeaks/testData3_0.05_peaks.narrowPeak, results/mappedReadCounts/testData1_treated_mappedReadCounts.txt, results/mappedReadCounts/testData2_treated_mappedReadCounts.txt, results/mappedReadCounts/testData3_treated_mappedReadCounts.txt, results/mappedReadCounts/testData1_input_mappedReadCounts.txt, results/mappedReadCounts/testData2_input_mappedReadCounts.txt, results/mappedReadCounts/testData3_input_mappedReadCounts.txt, results/minMappedReadCounts/testSet_treated_minMappedReadCounts.txt, results/minMappedReadCounts/testSet_input_minMappedReadCounts.txt
    jobid: 0
    resources: tmpdir=/tmp

[Sun Aug 21 21:46:47 2022]
Finished job 0.
2 of 2 steps (100%) done
Complete log: /s/sansam-lab/PeakAnalyzer_delete/.snakemake/log/2022-08-21T214544.741997.snakemake.log
