Building DAG of jobs...
Using shell: /usr/bin/bash
Provided cluster nodes: 999
Job stats:
job                             count    min threads    max threads
----------------------------  -------  -------------  -------------
all                                 1              1              1
call_narrow_peaks_with_macs2        3              1              1
total                               4              1              1

Select jobs to execute...

[Sat Aug 20 18:43:14 2022]
rule call_narrow_peaks_with_macs2:
    input: resources/testData/test1.bam, resources/testData/input1.bam
    output: results/macs2_normalPeaks/testData1_0.05_peaks.narrowPeak
    log: results/logs/snakelogs/call_narrow_peaks_with_macs2.testData1_q0.05.log
    jobid: 1
    wildcards: sample=testData1
    resources: tmpdir=/tmp

Submitted job 1 with external jobid 'Submitted batch job 1547684'.

[Sat Aug 20 18:43:14 2022]
rule call_narrow_peaks_with_macs2:
    input: resources/testData/test3.bam, resources/testData/input3.bam
    output: results/macs2_normalPeaks/testData3_0.05_peaks.narrowPeak
    log: results/logs/snakelogs/call_narrow_peaks_with_macs2.testData3_q0.05.log
    jobid: 3
    wildcards: sample=testData3
    resources: tmpdir=/tmp

Submitted job 3 with external jobid 'Submitted batch job 1547685'.

[Sat Aug 20 18:43:14 2022]
rule call_narrow_peaks_with_macs2:
    input: resources/testData/test2.bam, resources/testData/input2.bam
    output: results/macs2_normalPeaks/testData2_0.05_peaks.narrowPeak
    log: results/logs/snakelogs/call_narrow_peaks_with_macs2.testData2_q0.05.log
    jobid: 2
    wildcards: sample=testData2
    resources: tmpdir=/tmp

Submitted job 2 with external jobid 'Submitted batch job 1547686'.
[Sat Aug 20 18:43:54 2022]
Finished job 1.
1 of 4 steps (25%) done
[Sat Aug 20 18:43:54 2022]
Finished job 3.
2 of 4 steps (50%) done
[Sat Aug 20 18:43:54 2022]
Finished job 2.
3 of 4 steps (75%) done
Select jobs to execute...

[Sat Aug 20 18:43:54 2022]
localrule all:
    input: results/macs2_normalPeaks/testData1_0.05_peaks.narrowPeak, results/macs2_normalPeaks/testData2_0.05_peaks.narrowPeak, results/macs2_normalPeaks/testData3_0.05_peaks.narrowPeak
    jobid: 0
    resources: tmpdir=/tmp

[Sat Aug 20 18:43:54 2022]
Finished job 0.
4 of 4 steps (100%) done
Complete log: /s/sansam-lab/PeakAnalyzer/.snakemake/log/2022-08-20T184313.481349.snakemake.log
