Building DAG of jobs...
Using shell: /usr/bin/bash
Provided cluster nodes: 999
Job stats:
job                             count    min threads    max threads
----------------------------  -------  -------------  -------------
all                                 1              1              1
call_narrow_peaks_with_macs2        3              1              1
total                               4              1              1

Select jobs to execute...

[Sat Aug 20 18:36:57 2022]
rule call_narrow_peaks_with_macs2:
    input: resources/testData/test1.bam, resources/testData/input1.bam
    output: results/macs2_normalPeaks/testData1_0.05_peaks.narrowPeak
    log: results/logs/snakelogs/call_narrow_peaks_with_macs2.testData1_q0.05.log
    jobid: 1
    wildcards: sample=testData1
    resources: tmpdir=/tmp

RuleException in line 33 of /s/sansam-lab/PeakAnalyzer/workflow/Snakefile:
'InputFiles' object has no attribute 'treatmentBam'
